Stage -1 Environment Setup
==========================
Date of run: Thu Apr 16 10:42:21 EDT 2026

--- Host Python 3.11 Version ---
Python 3.11.4

--- Venv Python Version ---
Python 3.11.4

--- pip freeze (venv) ---
beautifulsoup4==4.14.3
certifi==2026.2.25
cffi==2.0.0
charset-normalizer==3.4.7
cloudpickle==3.1.2
contourpy==1.3.3
curl_cffi==0.15.0
cycler==0.12.1
DateTime==6.0
Deprecated==1.3.1
exchange_calendars==4.13.2
fonttools==4.62.1
fredapi==0.5.2
frozendict==2.4.7
idna==3.11
joblib==1.5.3
kiwisolver==1.5.0
korean-lunar-calendar==0.3.1
lightgbm==4.6.0
llvmlite==0.47.0
markdown-it-py==4.0.0
matplotlib==3.10.8
mdurl==0.1.2
multipledispatch==1.0.0
multitasking==0.0.12
numba==0.65.0
numpy==2.4.4
packaging==26.1
pandas==3.0.2
peewee==4.0.4
pillow==12.2.0
platformdirs==4.9.6
protobuf==7.34.1
pyarrow==23.0.1
pycparser==3.0
Pygments==2.20.0
pykrx==1.0.51
pyluach==2.3.0
pyparsing==3.3.2
python-dateutil==2.9.0.post0
python-dotenv==1.2.2
pytz==2026.1.post1
requests==2.33.1
rich==15.0.0
scikit-learn==1.8.0
scipy==1.17.1
shap==0.51.0
six==1.17.0
slicer==0.0.8
soupsieve==2.8.3
threadpoolctl==3.6.0
toolz==1.1.0
tqdm==4.67.3
typing_extensions==4.15.0
tzdata==2026.1
urllib3==2.6.3
websockets==16.0
wrapt==2.1.2
xlrd==2.0.2
yfinance==1.2.2
zope.interface==8.3

--- pykrx smoke test ---
Status: PASS
DataFrame shape: (4, 6)
Query: ticker=005930, start=20240603, end=20240607 (Samsung Electronics)

--- .env FRED_API_KEY ---
Status: present

--- Notes / Warnings ---
- pip resolved pykrx to 1.0.51 (latest compatible with pandas>=2.0 constraint; versions 1.2.x were skipped by resolver due to dependency conflicts)
- pandas resolved to 3.0.2 (>= requirement of 2.0 satisfied)
- numpy resolved to 2.4.4 (>= requirement of 1.24 satisfied)
- pyarrow resolved to 23.0.1 (>= requirement of 14.0 satisfied)
- No install failures; no retries required
